15:25:38  [main] 	Initializing Control Panel
15:25:38  [main] 	Windows Version: Windows Server 2008 R2 SP1 64-bit
15:25:38  [main] 	XAMPP Version: 5.6.15
15:25:38  [main] 	Control Panel Version: 3.2.2  [ Compiled: Nov 12th 2015 ]
15:25:38  [main] 	Running with Administrator rights - good!
15:25:38  [main] 	XAMPP Installation Directory: "c:\xampp\"
15:25:38  [main] 	Checking for prerequisites
15:25:42  [main] 	All prerequisites found
15:25:42  [main] 	Initializing Modules
15:25:43  [Apache] 	XAMPP Apache is already running on port 80
15:25:43  [Apache] 	XAMPP Apache is already running on port 443
15:25:43  [main] 	Starting Check-Timer
15:25:43  [main] 	Control Panel Ready
15:26:36  [Apache] 	XAMPP Apache is already running on port 80
15:26:36  [Apache] 	XAMPP Apache is already running on port 443
15:26:36  [Apache] 	Attempting to start Apache service...
15:26:44  [mysql] 	Attempting to start MySQL app...
15:26:45  [mysql] 	Status change detected: running
15:28:44  [Apache] 	XAMPP Apache is already running on port 80
15:28:44  [Apache] 	XAMPP Apache is already running on port 443
15:28:44  [Apache] 	Attempting to start Apache service...
15:28:47  [Apache] 	XAMPP Apache is already running on port 80
15:28:47  [Apache] 	XAMPP Apache is already running on port 443
15:28:47  [Apache] 	Attempting to start Apache service...
15:28:48  [Apache] 	Status change detected: running
15:28:49  [Apache] 	Status change detected: stopped
15:28:49  [Apache] 	Error: Apache shutdown unexpectedly.
15:28:49  [Apache] 	This may be due to a blocked port, missing dependencies, 
15:28:49  [Apache] 	improper privileges, a crash, or a shutdown by another method.
15:28:49  [Apache] 	Press the Logs button to view error logs and check
15:28:49  [Apache] 	the Windows Event Viewer for more clues
15:28:49  [Apache] 	If you need more help, copy and post this
15:28:49  [Apache] 	entire log window on the forums
15:30:02  [Apache] 	XAMPP Apache is already running on port 80
15:30:02  [Apache] 	XAMPP Apache is already running on port 443
15:30:02  [Apache] 	Attempting to start Apache service...
15:37:36  [main] 	Deinitializing Modules
15:37:36  [main] 	Deinitializing Control Panel

16:15:36  [main] 	Initializing Control Panel
16:15:36  [main] 	Windows Version: Windows Server 2008 R2 SP1 64-bit
16:15:36  [main] 	XAMPP Version: 5.6.15
16:15:36  [main] 	Control Panel Version: 3.2.2  [ Compiled: Nov 12th 2015 ]
16:15:36  [main] 	Running with Administrator rights - good!
16:15:36  [main] 	XAMPP Installation Directory: "c:\xampp\"
16:15:36  [main] 	Checking for prerequisites
16:15:39  [main] 	All prerequisites found
16:15:39  [main] 	Initializing Modules
16:15:39  [Apache] 	XAMPP Apache Service is already running on port 80
16:15:39  [Apache] 	XAMPP Apache Service is already running on port 443
16:15:39  [mysql] 	XAMPP MySQL is already running on port 3306
16:15:39  [main] 	Starting Check-Timer
16:15:39  [main] 	Control Panel Ready
16:15:50  [main] 	Deinitializing Modules
16:15:50  [main] 	Deinitializing Control Panel

15:39:24  [main] 	Initializing Control Panel
15:39:24  [main] 	Windows Version: Windows Server 2008 R2 SP1 64-bit
15:39:24  [main] 	XAMPP Version: 5.6.15
15:39:24  [main] 	Control Panel Version: 3.2.2  [ Compiled: Nov 12th 2015 ]
15:39:24  [main] 	Running with Administrator rights - good!
15:39:24  [main] 	XAMPP Installation Directory: "c:\xampp\"
15:39:24  [main] 	Checking for prerequisites
15:39:24  [main] 	All prerequisites found
15:39:24  [main] 	Initializing Modules
15:39:24  [Apache] 	XAMPP Apache Service is already running on port 80
15:39:24  [Apache] 	XAMPP Apache Service is already running on port 443
15:39:24  [mysql] 	XAMPP MySQL is already running on port 3306
15:39:24  [main] 	Starting Check-Timer
15:39:24  [main] 	Control Panel Ready
15:39:25  [Apache] 	Attempting to stop Apache service...
15:39:28  [Apache] 	Status change detected: stopped
15:39:29  [Apache] 	Attempting to start Apache service...
15:39:30  [Apache] 	Status change detected: running
16:15:53  [main] 	Deinitializing Modules
16:15:53  [main] 	Deinitializing Control Panel

15:38:45  [main] 	Initializing Control Panel
15:38:45  [main] 	Windows Version: Windows Server 2008 R2 SP1 64-bit
15:38:45  [main] 	XAMPP Version: 5.6.15
15:38:45  [main] 	Control Panel Version: 3.2.2  [ Compiled: Nov 12th 2015 ]
15:38:45  [main] 	Running with Administrator rights - good!
15:38:45  [main] 	XAMPP Installation Directory: "c:\xampp\"
15:38:45  [main] 	Checking for prerequisites
15:38:45  [main] 	All prerequisites found
15:38:45  [main] 	Initializing Modules
15:38:45  [mysql] 	XAMPP MySQL is already running on port 3306
15:38:45  [main] 	Starting Check-Timer
15:38:45  [main] 	Control Panel Ready
15:38:49  [Apache] 	Attempting to start Apache service...
15:38:50  [Apache] 	Status change detected: running
15:39:27  [Apache] 	Status change detected: stopped
15:39:27  [Apache] 	Error: Apache shutdown unexpectedly.
15:39:27  [Apache] 	This may be due to a blocked port, missing dependencies, 
15:39:27  [Apache] 	improper privileges, a crash, or a shutdown by another method.
15:39:27  [Apache] 	Press the Logs button to view error logs and check
15:39:27  [Apache] 	the Windows Event Viewer for more clues
15:39:27  [Apache] 	If you need more help, copy and post this
15:39:27  [Apache] 	entire log window on the forums
15:39:29  [Apache] 	Status change detected: running
16:15:54  [main] 	Deinitializing Modules
16:15:54  [main] 	Deinitializing Control Panel

16:16:53  [main] 	Initializing Control Panel
16:16:53  [main] 	Windows Version: Windows Server 2008 R2 SP1 64-bit
16:16:53  [main] 	XAMPP Version: 5.6.15
16:16:53  [main] 	Control Panel Version: 3.2.2  [ Compiled: Nov 12th 2015 ]
16:16:53  [main] 	Running with Administrator rights - good!
16:16:53  [main] 	XAMPP Installation Directory: "c:\xampp\"
16:16:53  [main] 	Checking for prerequisites
16:16:53  [main] 	All prerequisites found
16:16:53  [main] 	Initializing Modules
16:16:53  [main] 	Starting Check-Timer
16:16:53  [main] 	Control Panel Ready
16:16:56  [main] 	Deinitializing Modules
16:16:56  [main] 	Deinitializing Control Panel

16:15:56  [main] 	Initializing Control Panel
16:15:56  [main] 	Windows Version: Windows Server 2008 R2 SP1 64-bit
16:15:56  [main] 	XAMPP Version: 5.6.15
16:15:56  [main] 	Control Panel Version: 3.2.2  [ Compiled: Nov 12th 2015 ]
16:15:56  [main] 	Running with Administrator rights - good!
16:15:56  [main] 	XAMPP Installation Directory: "c:\xampp\"
16:15:56  [main] 	Checking for prerequisites
16:15:57  [main] 	All prerequisites found
16:15:57  [main] 	Initializing Modules
16:15:57  [Apache] 	XAMPP Apache Service is already running on port 80
16:15:57  [Apache] 	XAMPP Apache Service is already running on port 443
16:15:57  [mysql] 	XAMPP MySQL is already running on port 3306
16:15:57  [main] 	Starting Check-Timer
16:15:57  [main] 	Control Panel Ready
16:16:01  [Apache] 	Attempting to stop Apache service...
16:16:02  [mysql] 	Attempting to stop MySQL app...
16:16:28  [Apache] 	Attempting to stop Apache service...
16:16:29  [Apache] 	Status change detected: stopped
16:16:29  [mysql] 	Status change detected: stopped
16:16:31  [mysql] 	Attempting to start MySQL app...
16:16:31  [mysql] 	Status change detected: running
16:16:31  [Apache] 	Attempting to start Apache service...
16:16:41  [Apache] 	Status change detected: running
16:17:02  [mysql] 	Attempting to stop MySQL app...
16:17:12  [Apache] 	Attempting to stop Apache service...
16:17:18  [mysql] 	Status change detected: stopped
16:17:32  [Apache] 	Attempting to stop Apache service...
16:17:37  [Apache] 	Attempting to stop Apache service...
16:17:43  [Apache] 	Attempting to stop Apache service...
16:19:47  [Apache] 	Attempting to stop Apache service...
16:19:50  [Apache] 	Status change detected: stopped
16:19:50  [main] 	Deinitializing Modules
16:19:50  [main] 	Deinitializing Control Panel

